Error 6 initializing SQL*Plus
SP2-0667: Message file sp1<lang>.msb not found
SP2-0750: You may need to set ORACLE_HOME to your Oracle software directory
STATUS:1
Thu May 14 10:00:00 CST 2015反洗钱脚本已成功运行！
Error 6 initializing SQL*Plus
SP2-0667: Message file sp1<lang>.msb not found
SP2-0750: You may need to set ORACLE_HOME to your Oracle software directory
STATUS:1
Fri May 15 10:00:00 CST 2015反洗钱脚本已成功运行！
Error 6 initializing SQL*Plus
SP2-0667: Message file sp1<lang>.msb not found
SP2-0750: You may need to set ORACLE_HOME to your Oracle software directory
STATUS:1
Sat May 16 10:00:01 CST 2015反洗钱脚本已成功运行！
Error 6 initializing SQL*Plus
SP2-0667: Message file sp1<lang>.msb not found
SP2-0750: You may need to set ORACLE_HOME to your Oracle software directory
STATUS:1
Sun May 17 10:00:00 CST 2015反洗钱脚本已成功运行！
Error 6 initializing SQL*Plus
SP2-0667: Message file sp1<lang>.msb not found
SP2-0750: You may need to set ORACLE_HOME to your Oracle software directory
STATUS:1
Mon May 18 10:00:00 CST 2015反洗钱脚本已成功运行！
Error 6 initializing SQL*Plus
SP2-0667: Message file sp1<lang>.msb not found
SP2-0750: You may need to set ORACLE_HOME to your Oracle software directory
STATUS:1
Tue May 19 10:00:00 CST 2015反洗钱脚本已成功运行！
Error 6 initializing SQL*Plus
SP2-0667: Message file sp1<lang>.msb not found
SP2-0750: You may need to set ORACLE_HOME to your Oracle software directory
STATUS:1
Wed May 20 10:00:00 CST 2015反洗钱脚本已成功运行！
Error 6 initializing SQL*Plus
SP2-0667: Message file sp1<lang>.msb not found
SP2-0750: You may need to set ORACLE_HOME to your Oracle software directory
STATUS:1
Thu May 21 10:00:00 CST 2015反洗钱脚本已成功运行！
Error 6 initializing SQL*Plus
SP2-0667: Message file sp1<lang>.msb not found
SP2-0750: You may need to set ORACLE_HOME to your Oracle software directory
STATUS:1
Fri May 22 10:00:00 CST 2015反洗钱脚本已成功运行！
Error 6 initializing SQL*Plus
SP2-0667: Message file sp1<lang>.msb not found
SP2-0750: You may need to set ORACLE_HOME to your Oracle software directory
STATUS:1
Sat May 23 10:00:00 CST 2015反洗钱脚本已成功运行！
Error 6 initializing SQL*Plus
SP2-0667: Message file sp1<lang>.msb not found
SP2-0750: You may need to set ORACLE_HOME to your Oracle software directory
STATUS:1
Sun May 24 10:00:01 CST 2015反洗钱脚本已成功运行！
Error 6 initializing SQL*Plus
SP2-0667: Message file sp1<lang>.msb not found
SP2-0750: You may need to set ORACLE_HOME to your Oracle software directory
STATUS:1
Mon May 25 10:00:00 CST 2015反洗钱脚本已成功运行！
Error 6 initializing SQL*Plus
SP2-0667: Message file sp1<lang>.msb not found
SP2-0750: You may need to set ORACLE_HOME to your Oracle software directory
STATUS:1
Tue May 26 10:00:00 CST 2015反洗钱脚本已成功运行！
Error 6 initializing SQL*Plus
SP2-0667: Message file sp1<lang>.msb not found
SP2-0750: You may need to set ORACLE_HOME to your Oracle software directory
STATUS:1
Wed May 27 10:00:00 CST 2015反洗钱脚本已成功运行！
Error 6 initializing SQL*Plus
SP2-0667: Message file sp1<lang>.msb not found
SP2-0750: You may need to set ORACLE_HOME to your Oracle software directory
STATUS:1
Thu May 28 10:00:00 CST 2015反洗钱脚本已成功运行！
Error 6 initializing SQL*Plus
SP2-0667: Message file sp1<lang>.msb not found
SP2-0750: You may need to set ORACLE_HOME to your Oracle software directory
STATUS:1
Fri May 29 10:00:00 CST 2015反洗钱脚本已成功运行！
Error 6 initializing SQL*Plus
SP2-0667: Message file sp1<lang>.msb not found
SP2-0750: You may need to set ORACLE_HOME to your Oracle software directory
STATUS:1
Sat May 30 10:00:01 CST 2015反洗钱脚本已成功运行！
Error 6 initializing SQL*Plus
SP2-0667: Message file sp1<lang>.msb not found
SP2-0750: You may need to set ORACLE_HOME to your Oracle software directory
STATUS:1
Sun May 31 10:00:01 CST 2015反洗钱脚本已成功运行！
Error 6 initializing SQL*Plus
SP2-0667: Message file sp1<lang>.msb not found
SP2-0750: You may need to set ORACLE_HOME to your Oracle software directory
STATUS:1
Mon Jun 1 10:00:01 CST 2015反洗钱脚本已成功运行！
Error 6 initializing SQL*Plus
SP2-0667: Message file sp1<lang>.msb not found
SP2-0750: You may need to set ORACLE_HOME to your Oracle software directory
STATUS:1
Tue Jun 2 10:00:00 CST 2015反洗钱脚本已成功运行！
Error 6 initializing SQL*Plus
SP2-0667: Message file sp1<lang>.msb not found
SP2-0750: You may need to set ORACLE_HOME to your Oracle software directory
STATUS:1
Wed Jun 3 10:00:01 CST 2015反洗钱脚本已成功运行！
Error 6 initializing SQL*Plus
SP2-0667: Message file sp1<lang>.msb not found
SP2-0750: You may need to set ORACLE_HOME to your Oracle software directory
STATUS:1
Thu Jun 4 10:00:00 CST 2015反洗钱脚本已成功运行！
Error 6 initializing SQL*Plus
SP2-0667: Message file sp1<lang>.msb not found
SP2-0750: You may need to set ORACLE_HOME to your Oracle software directory
STATUS:1
Fri Jun 5 10:00:00 CST 2015反洗钱脚本已成功运行！
Error 6 initializing SQL*Plus
SP2-0667: Message file sp1<lang>.msb not found
SP2-0750: You may need to set ORACLE_HOME to your Oracle software directory
STATUS:1
Sat Jun 6 10:00:00 CST 2015反洗钱脚本已成功运行！
Error 6 initializing SQL*Plus
SP2-0667: Message file sp1<lang>.msb not found
SP2-0750: You may need to set ORACLE_HOME to your Oracle software directory
STATUS:1
Sun Jun 7 10:00:00 CST 2015反洗钱脚本已成功运行！
Error 6 initializing SQL*Plus
SP2-0667: Message file sp1<lang>.msb not found
SP2-0750: You may need to set ORACLE_HOME to your Oracle software directory
STATUS:1
Mon Jun 8 10:00:00 CST 2015反洗钱脚本已成功运行！
Error 6 initializing SQL*Plus
SP2-0667: Message file sp1<lang>.msb not found
SP2-0750: You may need to set ORACLE_HOME to your Oracle software directory
STATUS:1
Tue Jun 9 10:00:00 CST 2015反洗钱脚本已成功运行！
Error 6 initializing SQL*Plus
SP2-0667: Message file sp1<lang>.msb not found
SP2-0750: You may need to set ORACLE_HOME to your Oracle software directory
STATUS:1
Wed Jun 10 10:00:00 CST 2015反洗钱脚本已成功运行！
Error 6 initializing SQL*Plus
SP2-0667: Message file sp1<lang>.msb not found
SP2-0750: You may need to set ORACLE_HOME to your Oracle software directory
STATUS:1
Thu Jun 11 10:00:00 CST 2015反洗钱脚本已成功运行！
Error 6 initializing SQL*Plus
SP2-0667: Message file sp1<lang>.msb not found
SP2-0750: You may need to set ORACLE_HOME to your Oracle software directory
STATUS:1
Fri Jun 12 10:00:00 CST 2015反洗钱脚本已成功运行！
Error 6 initializing SQL*Plus
SP2-0667: Message file sp1<lang>.msb not found
SP2-0750: You may need to set ORACLE_HOME to your Oracle software directory
STATUS:1
Sat Jun 13 10:00:00 CST 2015反洗钱脚本已成功运行！
Error 6 initializing SQL*Plus
SP2-0667: Message file sp1<lang>.msb not found
SP2-0750: You may need to set ORACLE_HOME to your Oracle software directory
STATUS:1
Sun Jun 14 10:00:00 CST 2015反洗钱脚本已成功运行！
Error 6 initializing SQL*Plus
SP2-0667: Message file sp1<lang>.msb not found
SP2-0750: You may need to set ORACLE_HOME to your Oracle software directory
STATUS:1
Mon Jun 15 10:00:00 CST 2015反洗钱脚本已成功运行！
Error 6 initializing SQL*Plus
SP2-0667: Message file sp1<lang>.msb not found
SP2-0750: You may need to set ORACLE_HOME to your Oracle software directory
STATUS:1
Tue Jun 16 10:00:00 CST 2015反洗钱脚本已成功运行！
Error 6 initializing SQL*Plus
SP2-0667: Message file sp1<lang>.msb not found
SP2-0750: You may need to set ORACLE_HOME to your Oracle software directory
STATUS:1
Wed Jun 17 10:00:00 CST 2015反洗钱脚本已成功运行！
Error 6 initializing SQL*Plus
SP2-0667: Message file sp1<lang>.msb not found
SP2-0750: You may need to set ORACLE_HOME to your Oracle software directory
STATUS:1
Thu Jun 18 10:00:00 CST 2015反洗钱脚本已成功运行！
Error 6 initializing SQL*Plus
SP2-0667: Message file sp1<lang>.msb not found
SP2-0750: You may need to set ORACLE_HOME to your Oracle software directory
STATUS:1
Fri Jun 19 10:00:00 CST 2015反洗钱脚本已成功运行！
Error 6 initializing SQL*Plus
SP2-0667: Message file sp1<lang>.msb not found
SP2-0750: You may need to set ORACLE_HOME to your Oracle software directory
STATUS:1
Sat Jun 20 10:00:01 CST 2015反洗钱脚本已成功运行！
Error 6 initializing SQL*Plus
SP2-0667: Message file sp1<lang>.msb not found
SP2-0750: You may need to set ORACLE_HOME to your Oracle software directory
STATUS:1
Sun Jun 21 10:00:01 CST 2015反洗钱脚本已成功运行！
Error 6 initializing SQL*Plus
SP2-0667: Message file sp1<lang>.msb not found
SP2-0750: You may need to set ORACLE_HOME to your Oracle software directory
STATUS:1
Mon Jun 22 10:00:00 CST 2015反洗钱脚本已成功运行！
Error 6 initializing SQL*Plus
SP2-0667: Message file sp1<lang>.msb not found
SP2-0750: You may need to set ORACLE_HOME to your Oracle software directory
STATUS:1
Tue Jun 23 10:00:01 CST 2015反洗钱脚本已成功运行！
Error 6 initializing SQL*Plus
SP2-0667: Message file sp1<lang>.msb not found
SP2-0750: You may need to set ORACLE_HOME to your Oracle software directory
STATUS:1
Wed Jun 24 10:00:01 CST 2015反洗钱脚本已成功运行！
Error 6 initializing SQL*Plus
SP2-0667: Message file sp1<lang>.msb not found
SP2-0750: You may need to set ORACLE_HOME to your Oracle software directory
STATUS:1
Thu Jun 25 10:00:00 CST 2015反洗钱脚本已成功运行！
Error 6 initializing SQL*Plus
SP2-0667: Message file sp1<lang>.msb not found
SP2-0750: You may need to set ORACLE_HOME to your Oracle software directory
STATUS:1
Fri Jun 26 10:00:00 CST 2015反洗钱脚本已成功运行！
Error 6 initializing SQL*Plus
SP2-0667: Message file sp1<lang>.msb not found
SP2-0750: You may need to set ORACLE_HOME to your Oracle software directory
STATUS:1
Sat Jun 27 10:00:00 CST 2015反洗钱脚本已成功运行！
Error 6 initializing SQL*Plus
SP2-0667: Message file sp1<lang>.msb not found
SP2-0750: You may need to set ORACLE_HOME to your Oracle software directory
STATUS:1
Sun Jun 28 10:00:00 CST 2015反洗钱脚本已成功运行！
Error 6 initializing SQL*Plus
SP2-0667: Message file sp1<lang>.msb not found
SP2-0750: You may need to set ORACLE_HOME to your Oracle software directory
STATUS:1
Mon Jun 29 10:00:00 CST 2015反洗钱脚本已成功运行！
Error 6 initializing SQL*Plus
SP2-0667: Message file sp1<lang>.msb not found
SP2-0750: You may need to set ORACLE_HOME to your Oracle software directory
STATUS:1
Tue Jun 30 10:00:00 CST 2015反洗钱脚本已成功运行！
Error 6 initializing SQL*Plus
SP2-0667: Message file sp1<lang>.msb not found
SP2-0750: You may need to set ORACLE_HOME to your Oracle software directory
STATUS:1
Wed Jul 1 09:59:59 CST 2015反洗钱脚本已成功运行！
Error 6 initializing SQL*Plus
SP2-0667: Message file sp1<lang>.msb not found
SP2-0750: You may need to set ORACLE_HOME to your Oracle software directory
STATUS:1
Thu Jul 2 10:00:00 CST 2015反洗钱脚本已成功运行！
Error 6 initializing SQL*Plus
SP2-0667: Message file sp1<lang>.msb not found
SP2-0750: You may need to set ORACLE_HOME to your Oracle software directory
STATUS:1
Fri Jul 3 10:00:00 CST 2015反洗钱脚本已成功运行！
Error 6 initializing SQL*Plus
SP2-0667: Message file sp1<lang>.msb not found
SP2-0750: You may need to set ORACLE_HOME to your Oracle software directory
STATUS:1
Sat Jul 4 10:00:00 CST 2015反洗钱脚本已成功运行！
Error 6 initializing SQL*Plus
SP2-0667: Message file sp1<lang>.msb not found
SP2-0750: You may need to set ORACLE_HOME to your Oracle software directory
STATUS:1
Sun Jul 5 10:00:00 CST 2015反洗钱脚本已成功运行！
Error 6 initializing SQL*Plus
SP2-0667: Message file sp1<lang>.msb not found
SP2-0750: You may need to set ORACLE_HOME to your Oracle software directory
STATUS:1
Mon Jul 6 10:00:01 CST 2015反洗钱脚本已成功运行！
Error 6 initializing SQL*Plus
SP2-0667: Message file sp1<lang>.msb not found
SP2-0750: You may need to set ORACLE_HOME to your Oracle software directory
STATUS:1
Tue Jul 7 10:00:00 CST 2015反洗钱脚本已成功运行！
Error 6 initializing SQL*Plus
SP2-0667: Message file sp1<lang>.msb not found
SP2-0750: You may need to set ORACLE_HOME to your Oracle software directory
STATUS:1
Wed Jul 8 10:00:00 CST 2015反洗钱脚本已成功运行！
Error 6 initializing SQL*Plus
SP2-0667: Message file sp1<lang>.msb not found
SP2-0750: You may need to set ORACLE_HOME to your Oracle software directory
STATUS:1
Thu Jul 9 10:00:00 CST 2015反洗钱脚本已成功运行！
Error 6 initializing SQL*Plus
SP2-0667: Message file sp1<lang>.msb not found
SP2-0750: You may need to set ORACLE_HOME to your Oracle software directory
STATUS:1
Fri Jul 10 10:00:00 CST 2015反洗钱脚本已成功运行！
Error 6 initializing SQL*Plus
SP2-0667: Message file sp1<lang>.msb not found
SP2-0750: You may need to set ORACLE_HOME to your Oracle software directory
STATUS:1
Sat Jul 11 10:00:01 CST 2015反洗钱脚本已成功运行！
Error 6 initializing SQL*Plus
SP2-0667: Message file sp1<lang>.msb not found
SP2-0750: You may need to set ORACLE_HOME to your Oracle software directory
STATUS:1
Sun Jul 12 10:00:00 CST 2015反洗钱脚本已成功运行！
Error 6 initializing SQL*Plus
SP2-0667: Message file sp1<lang>.msb not found
SP2-0750: You may need to set ORACLE_HOME to your Oracle software directory
STATUS:1
Mon Jul 13 10:00:00 CST 2015反洗钱脚本已成功运行！
Error 6 initializing SQL*Plus
SP2-0667: Message file sp1<lang>.msb not found
SP2-0750: You may need to set ORACLE_HOME to your Oracle software directory
STATUS:1
Tue Jul 14 10:00:01 CST 2015反洗钱脚本已成功运行！
Error 6 initializing SQL*Plus
SP2-0667: Message file sp1<lang>.msb not found
SP2-0750: You may need to set ORACLE_HOME to your Oracle software directory
STATUS:1
Wed Jul 15 10:00:00 CST 2015反洗钱脚本已成功运行！
Error 6 initializing SQL*Plus
SP2-0667: Message file sp1<lang>.msb not found
SP2-0750: You may need to set ORACLE_HOME to your Oracle software directory
STATUS:1
Thu Jul 16 10:00:01 CST 2015反洗钱脚本已成功运行！
Error 6 initializing SQL*Plus
SP2-0667: Message file sp1<lang>.msb not found
SP2-0750: You may need to set ORACLE_HOME to your Oracle software directory
STATUS:1
Fri Jul 17 10:00:00 CST 2015反洗钱脚本已成功运行！
Error 6 initializing SQL*Plus
SP2-0667: Message file sp1<lang>.msb not found
SP2-0750: You may need to set ORACLE_HOME to your Oracle software directory
STATUS:1
Sat Jul 18 10:00:00 CST 2015反洗钱脚本已成功运行！
Error 6 initializing SQL*Plus
SP2-0667: Message file sp1<lang>.msb not found
SP2-0750: You may need to set ORACLE_HOME to your Oracle software directory
STATUS:1
Sun Jul 19 10:00:00 CST 2015反洗钱脚本已成功运行！
Error 6 initializing SQL*Plus
SP2-0667: Message file sp1<lang>.msb not found
SP2-0750: You may need to set ORACLE_HOME to your Oracle software directory
STATUS:1
Mon Jul 20 10:00:00 CST 2015反洗钱脚本已成功运行！
Error 6 initializing SQL*Plus
SP2-0667: Message file sp1<lang>.msb not found
SP2-0750: You may need to set ORACLE_HOME to your Oracle software directory
STATUS:1
Tue Jul 21 10:00:00 CST 2015反洗钱脚本已成功运行！
Error 6 initializing SQL*Plus
SP2-0667: Message file sp1<lang>.msb not found
SP2-0750: You may need to set ORACLE_HOME to your Oracle software directory
STATUS:1
Wed Jul 22 10:00:00 CST 2015反洗钱脚本已成功运行！
Error 6 initializing SQL*Plus
SP2-0667: Message file sp1<lang>.msb not found
SP2-0750: You may need to set ORACLE_HOME to your Oracle software directory
STATUS:1
Thu Jul 23 10:00:00 CST 2015反洗钱脚本已成功运行！
Error 6 initializing SQL*Plus
SP2-0667: Message file sp1<lang>.msb not found
SP2-0750: You may need to set ORACLE_HOME to your Oracle software directory
STATUS:1
Fri Jul 24 10:00:00 CST 2015反洗钱脚本已成功运行！
Error 6 initializing SQL*Plus
SP2-0667: Message file sp1<lang>.msb not found
SP2-0750: You may need to set ORACLE_HOME to your Oracle software directory
STATUS:1
Sat Jul 25 10:00:01 CST 2015反洗钱脚本已成功运行！
Error 6 initializing SQL*Plus
SP2-0667: Message file sp1<lang>.msb not found
SP2-0750: You may need to set ORACLE_HOME to your Oracle software directory
STATUS:1
Sun Jul 26 10:00:00 CST 2015反洗钱脚本已成功运行！
Error 6 initializing SQL*Plus
SP2-0667: Message file sp1<lang>.msb not found
SP2-0750: You may need to set ORACLE_HOME to your Oracle software directory
STATUS:1
Mon Jul 27 10:00:00 CST 2015反洗钱脚本已成功运行！
Error 6 initializing SQL*Plus
SP2-0667: Message file sp1<lang>.msb not found
SP2-0750: You may need to set ORACLE_HOME to your Oracle software directory
STATUS:1
Tue Jul 28 10:00:00 CST 2015反洗钱脚本已成功运行！
Error 6 initializing SQL*Plus
SP2-0667: Message file sp1<lang>.msb not found
SP2-0750: You may need to set ORACLE_HOME to your Oracle software directory
STATUS:1
Wed Jul 29 10:00:00 CST 2015反洗钱脚本已成功运行！
Error 6 initializing SQL*Plus
SP2-0667: Message file sp1<lang>.msb not found
SP2-0750: You may need to set ORACLE_HOME to your Oracle software directory
STATUS:1
Thu Jul 30 10:00:00 CST 2015反洗钱脚本已成功运行！
Error 6 initializing SQL*Plus
SP2-0667: Message file sp1<lang>.msb not found
SP2-0750: You may need to set ORACLE_HOME to your Oracle software directory
STATUS:1
Fri Jul 31 10:00:00 CST 2015反洗钱脚本已成功运行！
Error 6 initializing SQL*Plus
SP2-0667: Message file sp1<lang>.msb not found
SP2-0750: You may need to set ORACLE_HOME to your Oracle software directory
STATUS:1
Sat Aug 1 10:00:00 CST 2015反洗钱脚本已成功运行！
Error 6 initializing SQL*Plus
SP2-0667: Message file sp1<lang>.msb not found
SP2-0750: You may need to set ORACLE_HOME to your Oracle software directory
STATUS:1
Sun Aug 2 10:00:00 CST 2015反洗钱脚本已成功运行！
Error 6 initializing SQL*Plus
SP2-0667: Message file sp1<lang>.msb not found
SP2-0750: You may need to set ORACLE_HOME to your Oracle software directory
STATUS:1
Mon Aug 3 10:00:01 CST 2015反洗钱脚本已成功运行！
Error 6 initializing SQL*Plus
SP2-0667: Message file sp1<lang>.msb not found
SP2-0750: You may need to set ORACLE_HOME to your Oracle software directory
STATUS:1
Tue Aug 4 10:00:00 CST 2015反洗钱脚本已成功运行！
Error 6 initializing SQL*Plus
SP2-0667: Message file sp1<lang>.msb not found
SP2-0750: You may need to set ORACLE_HOME to your Oracle software directory
STATUS:1
Wed Aug 5 10:00:01 CST 2015反洗钱脚本已成功运行！
Error 6 initializing SQL*Plus
SP2-0667: Message file sp1<lang>.msb not found
SP2-0750: You may need to set ORACLE_HOME to your Oracle software directory
STATUS:1
Thu Aug 6 10:00:00 CST 2015反洗钱脚本已成功运行！
Error 6 initializing SQL*Plus
SP2-0667: Message file sp1<lang>.msb not found
SP2-0750: You may need to set ORACLE_HOME to your Oracle software directory
STATUS:1
Fri Aug 7 10:00:00 CST 2015反洗钱脚本已成功运行！
Error 6 initializing SQL*Plus
SP2-0667: Message file sp1<lang>.msb not found
SP2-0750: You may need to set ORACLE_HOME to your Oracle software directory
STATUS:1
Sat Aug 8 10:00:00 CST 2015反洗钱脚本已成功运行！
Error 6 initializing SQL*Plus
SP2-0667: Message file sp1<lang>.msb not found
SP2-0750: You may need to set ORACLE_HOME to your Oracle software directory
STATUS:1
Sun Aug 9 10:00:00 CST 2015反洗钱脚本已成功运行！
Error 6 initializing SQL*Plus
SP2-0667: Message file sp1<lang>.msb not found
SP2-0750: You may need to set ORACLE_HOME to your Oracle software directory
STATUS:1
Mon Aug 10 10:00:00 CST 2015反洗钱脚本已成功运行！
Error 6 initializing SQL*Plus
SP2-0667: Message file sp1<lang>.msb not found
SP2-0750: You may need to set ORACLE_HOME to your Oracle software directory
STATUS:1
Tue Aug 11 10:00:00 CST 2015反洗钱脚本已成功运行！
Error 6 initializing SQL*Plus
SP2-0667: Message file sp1<lang>.msb not found
SP2-0750: You may need to set ORACLE_HOME to your Oracle software directory
STATUS:1
Wed Aug 12 10:00:00 CST 2015反洗钱脚本已成功运行！
Error 6 initializing SQL*Plus
SP2-0667: Message file sp1<lang>.msb not found
SP2-0750: You may need to set ORACLE_HOME to your Oracle software directory
STATUS:1
Thu Aug 13 10:00:01 CST 2015反洗钱脚本已成功运行！
